<?xml version="1.0" encoding="UTF-8"?>
<!-- Generated by org.testng.reporters.JUnitReportReporter -->
<testsuite hostname="AmolPC" failures="0" tests="4" name="amolselfpractice.TestNG_Demo" time="0.023" errors="0" timestamp="2022-09-02T13:13:41 IST" skipped="0">
  <testcase classname="amolselfpractice.TestNG_Demo" name="visiturl" time="0.023"/>
  <system-out/>
  <testcase classname="amolselfpractice.TestNG_Demo" name="visiturl1" time="0.000"/>
  <system-out/>
  <testcase classname="amolselfpractice.TestNG_Demo" name="visiturl0" time="0.000"/>
  <system-out/>
  <testcase classname="amolselfpractice.TestNG_Demo" name="visiturl2" time="0.000"/>
  <system-out/>
</testsuite> <!-- amolselfpractice.TestNG_Demo -->
