<?xml version="1.0" encoding="UTF-8"?>
<!-- Generated by org.testng.reporters.JUnitReportReporter -->
<testsuite hostname="AmolPC" failures="0" tests="1" name="amolselfpractice.ExtentReport" time="7.365" errors="0" timestamp="2022-05-12T16:08:03 IST" skipped="0">
  <testcase classname="amolselfpractice.ExtentReport" name="exportreportdemo" time="7.365"/>
  <system-out/>
</testsuite> <!-- amolselfpractice.ExtentReport -->
