<?xml version="1.0" encoding="UTF-8"?>
<!-- Generated by org.testng.reporters.JUnitReportReporter -->
<testsuite hostname="AmolPC" failures="0" tests="1" name="amolselfpractice.TempExtent" time="8.535" errors="0" timestamp="2022-05-11T19:27:19 IST" skipped="0">
  <testcase classname="amolselfpractice.TempExtent" name="initialDemo" time="8.535"/>
  <system-out/>
</testsuite> <!-- amolselfpractice.TempExtent -->
