<?xml version="1.0" encoding="UTF-8"?>
<!-- Generated by org.testng.reporters.JUnitReportReporter -->
<testsuite hostname="AmolPC" failures="0" tests="1" name="amolselfpractice.ExtentReport" time="14.961" errors="0" timestamp="2022-05-12T17:13:19 IST" skipped="0">
  <testcase classname="amolselfpractice.ExtentReport" name="exportreportdemo" time="14.961"/>
  <system-out/>
</testsuite> <!-- amolselfpractice.ExtentReport -->
